<?xml version="1.0" encoding="utf-8"?><testsuites name="pytest tests"><testsuite name="pytest" errors="0" failures="0" skipped="0" tests="18" time="4.571" timestamp="2026-03-23T05:26:58.049794+00:00" hostname="agent-env-50b88a21-4b3d-42a7-89b6-a1b3f5ba2054"><testcase classname="backend.tests.test_api.TestHealthEndpoints" name="test_api_root" time="0.319" /><testcase classname="backend.tests.test_api.TestHealthEndpoints" name="test_health_endpoint" time="0.136" /><testcase classname="backend.tests.test_api.TestPublicEventsAPI" name="test_get_events_list" time="0.107" /><testcase classname="backend.tests.test_api.TestPublicEventsAPI" name="test_get_events_with_category_filter" time="0.096" /><testcase classname="backend.tests.test_api.TestPublicEventsAPI" name="test_get_nonexistent_event" time="0.100" /><testcase classname="backend.tests.test_api.TestDonationsAPI" name="test_get_bank_details" time="0.148" /><testcase classname="backend.tests.test_api.TestDonationsAPI" name="test_get_donation_tiers" time="0.096" /><testcase classname="backend.tests.test_api.TestContactAPI" name="test_submit_contact_form" time="0.642" /><testcase classname="backend.tests.test_api.TestContactAPI" name="test_submit_contact_form_invalid_email" time="0.104" /><testcase classname="backend.tests.test_api.TestContactAPI" name="test_submit_contact_form_missing_fields" time="0.101" /><testcase classname="backend.tests.test_api.TestInternshipAPI" name="test_submit_internship_application" time="0.357" /><testcase classname="backend.tests.test_api.TestAdminAuth" name="test_admin_login_success" time="0.337" /><testcase classname="backend.tests.test_api.TestAdminAuth" name="test_admin_login_invalid_credentials" time="0.105" /><testcase classname="backend.tests.test_api.TestAdminAuth" name="test_admin_register_and_login" time="0.426" /><testcase classname="backend.tests.test_api.TestAdminAuth" name="test_admin_protected_route_without_token" time="0.100" /><testcase classname="backend.tests.test_api.TestAdminEventsManagement" name="test_admin_create_event" time="0.439" /><testcase classname="backend.tests.test_api.TestAdminEventsManagement" name="test_admin_get_events" time="0.435" /><testcase classname="backend.tests.test_api.TestAdminEventsManagement" name="test_admin_get_stats" time="0.455" /></testsuite></testsuites>